[INFO - 2017-07-12 11:30:00 ] Running job Every 1 day at 11:30:00 do writeFile() (last run: [never], next run: 2017-07-12 11:30:00)
[INFO - 2017-07-12 16:38:10 ] Running job Every 1 day at 16:30:00 do writeFile() (last run: [never], next run: 2017-07-12 16:30:00)
[INFO - 2017-07-12 22:00:00 ] Running job Every 1 day at 22:00:00 do writeFile() (last run: [never], next run: 2017-07-12 22:00:00)
[INFO - 2017-07-13 01:19:12 ] Running job Every 1 day at 00:00:00 do checkFile() (last run: [never], next run: 2017-07-13 00:00:00)
[INFO - 2017-07-13 06:30:00 ] Running job Every 1 day at 06:30:00 do writeFile() (last run: [never], next run: 2017-07-13 06:30:00)
[INFO - 2017-07-20 06:30:00 ] Running job Every 1 day at 06:30:00 do writeFile() (last run: [never], next run: 2017-07-20 06:30:00)
[INFO - 2017-07-20 10:00:00 ] Running job Every 1 day at 10:00:00 do writeFile() (last run: [never], next run: 2017-07-20 10:00:00)
[INFO - 2017-07-20 13:30:00 ] Running job Every 1 day at 13:30:00 do writeFile() (last run: [never], next run: 2017-07-20 13:30:00)
[INFO - 2017-07-20 15:30:00 ] Running job Every 1 day at 15:30:00 do writeFile() (last run: [never], next run: 2017-07-20 15:30:00)
[INFO - 2017-07-20 18:00:00 ] Running job Every 1 day at 18:00:00 do writeFile() (last run: [never], next run: 2017-07-20 18:00:00)
[INFO - 2017-07-20 21:00:00 ] Running job Every 1 day at 21:00:00 do writeFile() (last run: [never], next run: 2017-07-20 21:00:00)
[INFO - 2017-07-21 06:30:00 ] Running job Every 1 day at 06:30:00 do writeFile() (last run: [never], next run: 2017-07-21 06:30:00)
[INFO - 2017-07-21 18:00:00 ] Running job Every 1 day at 18:00:00 do writeFile() (last run: [never], next run: 2017-07-21 18:00:00)
[INFO - 2017-07-21 21:00:00 ] Running job Every 1 day at 21:00:00 do writeFile() (last run: [never], next run: 2017-07-21 21:00:00)
[INFO - 2017-07-21 22:00:00 ] Running job Every 1 day at 22:00:00 do writeFile() (last run: [never], next run: 2017-07-21 22:00:00)
[INFO - 2017-07-22 00:00:00 ] Running job Every 1 day at 00:00:00 do checkFile() (last run: [never], next run: 2017-07-22 00:00:00)
[INFO - 2017-07-22 06:30:00 ] Running job Every 1 day at 06:30:00 do writeFile() (last run: [never], next run: 2017-07-22 06:30:00)
[INFO - 2017-07-22 10:00:00 ] Running job Every 1 day at 10:00:00 do writeFile() (last run: [never], next run: 2017-07-22 10:00:00)
[INFO - 2017-07-22 13:30:00 ] Running job Every 1 day at 13:30:00 do writeFile() (last run: [never], next run: 2017-07-22 13:30:00)
[INFO - 2017-07-22 15:30:00 ] Running job Every 1 day at 15:30:00 do writeFile() (last run: [never], next run: 2017-07-22 15:30:00)
[INFO - 2017-07-22 18:00:00 ] Running job Every 1 day at 18:00:00 do writeFile() (last run: 2017-07-21 18:36:29, next run: 2017-07-22 18:00:00)
[INFO - 2017-07-22 21:00:00 ] Running job Every 1 day at 21:00:00 do writeFile() (last run: [never], next run: 2017-07-22 21:00:00)
[INFO - 2017-07-22 22:00:00 ] Running job Every 1 day at 22:00:00 do writeFile() (last run: [never], next run: 2017-07-22 22:00:00)
[INFO - 2017-07-23 00:00:00 ] Running job Every 1 day at 00:00:00 do checkFile() (last run: [never], next run: 2017-07-23 00:00:00)
[INFO - 2017-07-23 06:30:00 ] Running job Every 1 day at 06:30:00 do writeFile() (last run: [never], next run: 2017-07-23 06:30:00)
[INFO - 2017-07-23 10:00:00 ] Running job Every 1 day at 10:00:00 do writeFile() (last run: [never], next run: 2017-07-23 10:00:00)
[INFO - 2017-07-23 13:30:00 ] Running job Every 1 day at 13:30:00 do writeFile() (last run: [never], next run: 2017-07-23 13:30:00)
[INFO - 2017-07-23 15:30:00 ] Running job Every 1 day at 15:30:00 do writeFile() (last run: [never], next run: 2017-07-23 15:30:00)
[INFO - 2017-07-25 00:00:00 ] Running job Every 1 day at 00:00:00 do checkFile() (last run: [never], next run: 2017-07-25 00:00:00)
[INFO - 2017-07-25 06:30:00 ] Running job Every 1 day at 06:30:00 do writeFile() (last run: [never], next run: 2017-07-25 06:30:00)
[INFO - 2017-07-25 10:00:00 ] Running job Every 1 day at 10:00:00 do writeFile() (last run: [never], next run: 2017-07-25 10:00:00)
[INFO - 2017-07-25 13:30:00 ] Running job Every 1 day at 13:30:00 do writeFile() (last run: [never], next run: 2017-07-25 13:30:00)
[INFO - 2017-07-25 21:00:00 ] Running job Every 1 day at 21:00:00 do writeFile() (last run: [never], next run: 2017-07-25 21:00:00)
[INFO - 2017-07-26 06:30:00 ] Running job Every 1 day at 06:30:00 do writeFile() (last run: [never], next run: 2017-07-26 06:30:00)
[INFO - 2017-08-16 22:00:00 ] Running job Every 1 day at 22:00:00 do writeFile() (last run: [never], next run: 2017-08-16 22:00:00)
[INFO - 2017-08-21 06:30:00 ] Running job Every 1 day at 06:30:00 do writeFile() (last run: [never], next run: 2017-08-21 06:30:00)
[INFO - 2017-08-30 13:30:00 ] Running job Every 1 day at 13:30:00 do writeFile() (last run: [never], next run: 2017-08-30 13:30:00)
[INFO - 2017-08-31 06:30:00 ] Running job Every 1 day at 06:30:00 do writeFile() (last run: [never], next run: 2017-08-31 06:30:00)
[INFO - 2017-08-31 10:00:00 ] Running job Every 1 day at 10:00:00 do writeFile() (last run: [never], next run: 2017-08-31 10:00:00)
[INFO - 2017-08-31 13:30:00 ] Running job Every 1 day at 13:30:00 do writeFile() (last run: [never], next run: 2017-08-31 13:30:00)
[INFO - 2017-09-05 06:30:00 ] Running job Every 1 day at 06:30:00 do writeFile() (last run: [never], next run: 2017-09-05 06:30:00)
[INFO - 2017-09-05 10:00:00 ] Running job Every 1 day at 10:00:00 do writeFile() (last run: [never], next run: 2017-09-05 10:00:00)
[INFO - 2017-09-05 13:30:00 ] Running job Every 1 day at 13:30:00 do writeFile() (last run: [never], next run: 2017-09-05 13:30:00)
[INFO - 2017-09-05 15:30:00 ] Running job Every 1 day at 15:30:00 do writeFile() (last run: [never], next run: 2017-09-05 15:30:00)
[INFO - 2017-09-05 18:00:00 ] Running job Every 1 day at 18:00:00 do writeFile() (last run: [never], next run: 2017-09-05 18:00:00)
[INFO - 2017-09-05 21:00:00 ] Running job Every 1 day at 21:00:00 do writeFile() (last run: [never], next run: 2017-09-05 21:00:00)
[INFO - 2017-09-05 22:52:44 ] Running job Every 1 day at 22:00:00 do writeFile() (last run: [never], next run: 2017-09-05 22:00:00)
[INFO - 2017-09-06 00:46:27 ] Running job Every 1 day at 00:00:00 do checkFile() (last run: [never], next run: 2017-09-06 00:00:00)
[INFO - 2017-09-06 22:00:00 ] Running job Every 1 day at 22:00:00 do writeFile() (last run: [never], next run: 2017-09-06 22:00:00)
[INFO - 2017-09-07 00:32:30 ] Running job Every 1 day at 00:00:00 do checkFile() (last run: [never], next run: 2017-09-07 00:00:00)
[INFO - 2017-09-07 06:30:00 ] Running job Every 1 day at 06:30:00 do writeFile() (last run: [never], next run: 2017-09-07 06:30:00)
[INFO - 2017-09-07 10:00:00 ] Running job Every 1 day at 10:00:00 do writeFile() (last run: [never], next run: 2017-09-07 10:00:00)
